Drill report for /home/habib/KICAD_PROJECTS/KICAD_PROJECTS/Energy_Meter/Energy_Meter.kicad_pcb
Created on mer. 22 avril 2020 18:31:19 CEST

Copper Layer Stackup:
    =============================================================
    L1 :  F.Cu                      front
    L2 :  In1.Cu                    in1
    L3 :  In2.Cu                    in2
    L4 :  B.Cu                      back


Drill file 'Energy_Meter-PTH.drl' contains
    plated through holes:
    =============================================================
    T1  0,30mm  0,012"  (199 holes)
    T2  0,60mm  0,024"  (8 holes)
    T3  0,76mm  0,030"  (4 holes)
    T4  0,80mm  0,031"  (11 holes)
    T5  1,00mm  0,039"  (14 holes)  (with 6 slots)
    T6  1,20mm  0,047"  (8 holes)

    Total plated holes count 244


Drill file 'Energy_Meter-NPTH.drl' contains
    unplated through holes:
    =============================================================
    T1  3,20mm  0,126"  (2 holes)

    Total unplated holes count 2
